<?xml version="1.0" encoding="UTF-8"?>
<testsuite xmlns:xsi="http://www.w3.org/2001/XMLSchema-instance" xsi:noNamespaceSchemaLocation="https://maven.apache.org/surefire/maven-surefire-plugin/xsd/surefire-test-report-3.0.xsd" version="3.0" name="PointServiceTest" time="0.428" tests="7" errors="0" skipped="0" failures="0">
  <properties>
[...]
</properties>
  <testcase name="testCanUserButyThrowExceptionWhenRecordDoesntExist" classname="PointServiceTest" time="0.41">
    <system-err><![CDATA[Mockito is currently self-attaching to enable the inline-mock-maker. This will no longer work in future releases of the JDK. Please add Mockito as an agent to your build what is described in Mockito's documentation: https://javadoc.io/doc/org.mockito/mockito-core/latest/org/mockito/Mockito.html#0.3
WARNING: A Java agent has been loaded dynamically (/Users/m-stepien/.m2/repository/net/bytebuddy/byte-buddy-agent/1.15.4/byte-buddy-agent-1.15.4.jar)
WARNING: If a serviceability tool is in use, please run with -XX:+EnableDynamicAgentLoading to hide this warning
WARNING: If a serviceability tool is not in use, please run with -Djdk.instrument.traceUsage for more information
WARNING: Dynamic loading of agents will be disallowed by default in a future release
]]></system-err>
  </testcase>
  <testcase name="testPaySubtractValueSuccess" classname="PointServiceTest" time="0.003"/>
  <testcase name="testCanUserBuySuccess" classname="PointServiceTest" time="0.002">
    <system-out><![CDATA[19:10:14.909 [main] INFO com.habit.tracker.core.service.PointsService -- Checking can user buy habit user point value: com.habit.tracker.core.entity.PointsEntity@388b401d habit cost 50
]]></system-out>
  </testcase>
  <testcase name="testAddPointsThrowExceptionDoesntExist" classname="PointServiceTest" time="0.001"/>
  <testcase name="testCanUserBuyFailure" classname="PointServiceTest" time="0.001">
    <system-out><![CDATA[19:10:14.913 [main] INFO com.habit.tracker.core.service.PointsService -- Checking can user buy habit user point value: com.habit.tracker.core.entity.PointsEntity@398474a2 habit cost 90
]]></system-out>
  </testcase>
  <testcase name="testAddPointsSuccess" classname="PointServiceTest" time="0.001"/>
  <testcase name="testPayThrowExceptionWhenRecordDoesntExist" classname="PointServiceTest" time="0.001"/>
</testsuite>